<?xml version="1.0" encoding="UTF-8"?>
<!-- Generated by org.testng.reporters.JUnitXMLReporter -->
<testsuite hostname="L-ALOKP-ILB" name="SanityTestCases" tests="13" failures="0" timestamp="15 Jun 2015 09:44:42 GMT" time="17.046" errors="0">
  <testcase name="testDPDimension" time="2.638" classname="com.tfsinc.ilabs.tests.SearchApiTests"/>
  <testcase name="testDPSearch" time="0.673" classname="com.tfsinc.ilabs.tests.SearchApiTests"/>
  <testcase name="testDPValueByQueueHourlyWithWithoutTimeZone" time="0.916" classname="com.tfsinc.ilabs.tests.SearchApiTests"/>
  <testcase name="testDPValueOverAllDailyWithWithoutTimeZone" time="0.459" classname="com.tfsinc.ilabs.tests.SearchApiTests"/>
  <testcase name="testDPValueOverAllHourlyWithWithoutTimeZone" time="0.913" classname="com.tfsinc.ilabs.tests.SearchApiTests"/>
  <testcase name="testDPValueOverAllMonthly" time="0.452" classname="com.tfsinc.ilabs.tests.SearchApiTests"/>
  <testcase name="testDPValueOverAllWeekly" time="0.451" classname="com.tfsinc.ilabs.tests.SearchApiTests"/>
  <testcase name="testDpgSearch" time="0.671" classname="com.tfsinc.ilabs.tests.SearchApiTests"/>
  <testcase name="testDpgSave" time="0.69" classname="com.tfsinc.ilabs.tests.SaveDeleteApiTests"/>
  <testcase name="testDpSave" time="0.69" classname="com.tfsinc.ilabs.tests.SaveDeleteApiTests"/>
  <testcase name="testDpDelete" time="0.671" classname="com.tfsinc.ilabs.tests.SaveDeleteApiTests"/>
  <testcase name="testDpgDelete" time="0.654" classname="com.tfsinc.ilabs.tests.SaveDeleteApiTests"/>
  <testcase name="testDpvSave" time="0.688" classname="com.tfsinc.ilabs.tests.SaveDeleteApiTests"/>
</testsuite> <!-- SanityTestCases -->
