<?xml version="1.0" encoding="UTF-8"?>
<testsuite name="SanityTestCases"
           tests="8"
           failures="0"
           errors="0"
           skipped="0"
           time="7.173">
  <properties />
  
  
            <testcase name="testDPValueOverAllWeekly" time="0.451" classname="com.tfsinc.ilabs.tests.SearchApiTests" />
                <testcase name="testDPDimension" time="2.638" classname="com.tfsinc.ilabs.tests.SearchApiTests" />
                <testcase name="testDPValueOverAllDailyWithWithoutTimeZone" time="0.459" classname="com.tfsinc.ilabs.tests.SearchApiTests" />
                <testcase name="testDPSearch" time="0.673" classname="com.tfsinc.ilabs.tests.SearchApiTests" />
                <testcase name="testDPValueOverAllHourlyWithWithoutTimeZone" time="0.913" classname="com.tfsinc.ilabs.tests.SearchApiTests" />
                <testcase name="testDPValueOverAllMonthly" time="0.452" classname="com.tfsinc.ilabs.tests.SearchApiTests" />
                <testcase name="testDPValueByQueueHourlyWithWithoutTimeZone" time="0.916" classname="com.tfsinc.ilabs.tests.SearchApiTests" />
                <testcase name="testDpgSearch" time="0.671" classname="com.tfsinc.ilabs.tests.SearchApiTests" />
      
</testsuite>
